--------------------------------------------------------------------------
No OpenFabrics connection schemes reported that they were able to be
used on a specific port.  As such, the openib BTL (OpenFabrics
support) will be disabled for this port.

  Local host:           spartan-bm059
  Local device:         mlx5_bond_0
  Local port:           1
  CPCs attempted:       rdmacm
--------------------------------------------------------------------------
--------------------------------
I am slave process 5 of 8.

--------------------------------
I am slave process 7 of 8.

--------------------------------
I am master process 0 of 8.

--------------------------------
I am slave process 1 of 8.

--------------------------------
I am slave process 2 of 8.

--------------------------------
I am slave process 3 of 8.

--------------------------------
I am slave process 4 of 8.

--------------------------------
I am slave process 6 of 8.

<class 'json.decoder.JSONDecodeError'>
master: {'en': 512, 'und': 39, 'pt': 8, 'nl': 3, 'fr': 6, 'es': 8, 'ja': 3, 'zh': 4, 'de': 3, 'ko': 5, 'hu': 1, 'in': 4, 'th': 13, 'ar': 4, 'tl': 2, 'tr': 2, 'pl': 2, 'it': 1, 'ca': 1, 'ur': 3}
lang_freq {'es': 14, 'en': 513, 'fr': 17, 'und': 34, 'tl': 5, 'pt': 7, 'de': 2, 'ko': 3, 'th': 11, 'ja': 4, 'et': 1, 'tr': 2, 'lt': 2, 'ne': 1, 'in': 1, 'eu': 1, 'fa': 1, 'zh': 2, 'ro': 1, 'ur': 3}
lang_freq {'en': 534, 'in': 3, 'und': 32, 'et': 1, 'tr': 1, 'fr': 13, 'tl': 4, 'pt': 13, 'th': 6, 'es': 3, 'ar': 3, 'ja': 3, 'ru': 3, 'nl': 3, 'it': 1, 'de': 1, 'ko': 1}
lang_freq {'en': 521, 'und': 35, 'fr': 12, 'tl': 4, 'th': 15, 'pt': 8, 'de': 1, 'es': 9, 'ar': 4, 'nl': 1, 'ru': 2, 'ko': 4, 'fa': 3, 'zh': 3, 'it': 1, 'ja': 1, 'in': 1}
lang_freq {'en': 515, 'und': 38, 'ja': 4, 'ar': 3, 'fr': 15, 'es': 8, 'ht': 1, 'pl': 1, 'th': 11, 'pt': 14, 'ko': 2, 'sv': 1, 'in': 5, 'tr': 2, 'cy': 1, 'de': 2, 'fa': 1, 'tl': 1}
lang_freq {'en': 512, 'und': 43, 'fr': 12, 'th': 12, 'es': 8, 'pt': 19, 'et': 1, 'in': 3, 'ru': 1, 'ja': 4, 'it': 2, 'nl': 2, 'eu': 1, 'tl': 2, 'tr': 1, 'ko': 1, 'fi': 1}
lang_freq {'en': 512, 'cy': 2, 'pt': 18, 'tl': 4, 'fa': 1, 'zh': 7, 'und': 36, 'es': 2, 'th': 9, 'ar': 3, 'ru': 1, 'fr': 6, 'ko': 3, 'tr': 3, 'ja': 8, 'pl': 2, 'ca': 1, 'eu': 1, 'iw': 1, 'ht': 1, 'in': 1, 'et': 1, 'da': 1, 'de': 1}
lang_freq {'en': 508, 'und': 45, 'fr': 11, 'ht': 1, 'tl': 5, 'ja': 5, 'es': 9, 'ro': 1, 'de': 1, 'fa': 2, 'pt': 14, 'in': 4, 'tr': 1, 'no': 1, 'ru': 1, 'ko': 3, 'it': 1, 'zh': 4, 'th': 6, 'ta': 2}
total:  ['English (default)(en), 4127', 'und, 302', 'Portuguese(pt), 101', 'French(fr), 92', 'Thai(th), 83', 'Spanish(es), 61', 'Japanese(ja), 32', 'tl, 27', 'Korean(ko), 22', 'in, 22']
time_cost: 0.1519 seconds
[spartan-bm059.hpc.unimelb.edu.au:53916] 7 more processes have sent help message help-mpi-btl-openib-cpc-base.txt / no cpcs for port
[spartan-bm059.hpc.unimelb.edu.au:53916] Set MCA parameter "orte_base_help_aggregate" to 0 to see all help / error messages
