Testing
--------------------------------------------------------------------------
No OpenFabrics connection schemes reported that they were able to be
used on a specific port.  As such, the openib BTL (OpenFabrics
support) will be disabled for this port.

  Local host:           spartan-bm016
  Local device:         mlx5_bond_0
  Local port:           1
  CPCs attempted:       rdmacm
--------------------------------------------------------------------------
[spartan-bm016.hpc.unimelb.edu.au:06448] pml_ucx.c:223 Error: UCP worker does not support MPI_THREAD_MULTIPLE
--------------------------------
I am master process 0 of 1.

<class 'json.decoder.JSONDecodeError'>
<class 'json.decoder.JSONDecodeError'>
<class 'json.decoder.JSONDecodeError'>
master: {'es': 74028, 'en': 3107115, 'und': 252117, 'fr': 38098, 'in': 42296, 'cy': 1599, 'pt': 125858, 'et': 6341, 'tr': 17179, 'nl': 3198, 'tl': 44560, 'ja': 49929, 'fa': 18978, 'ht': 4430, 'th': 134571, 'ar': 24501, 'zh': 20962, 'ro': 1210, 'de': 4444, 'pl': 4223, 'ko': 18546, 'hu': 866, 'ru': 9417, 'sv': 1366, 'lt': 4868, 'it': 6763, 'no': 2118, 'ne': 2957, 'eu': 1398, 'ca': 1986, 'iw': 394, 'da': 1566, 'fi': 1017, 'ta': 1704, 'ur': 4334, 'hi': 15747, 'sl': 898, 'vi': 862, 'cs': 684, 'pa': 331, 'bn': 46, 'is': 434, 'lv': 676, 'bg': 53, 'uk': 78, 'el': 1810, 'sr': 151, 'te': 150, 'si': 309, 'kn': 93, 'ml': 105, 'mr': 84, 'ps': 10, 'gu': 45, 'am': 7, 'my': 2, 'hy': 1, 'ckb': 3, 'lo': 3, 'sd': 1, 'or': 2}
total:  []
time_cost: 342.2168 seconds

real	5m42.569s
user	5m35.336s
sys	0m6.955s
